<?xml version="1.0" encoding="UTF-8"?>
<!-- Generated by org.testng.reporters.JUnitReportReporter -->
<testsuite hostname="amar-PC" failures="0" tests="1" name="TestNG.TestNgDemo" time="81.445" errors="0" timestamp="2022-02-08T13:33:34 IST" skipped="0">
  <testcase classname="TestNG.TestNgDemo" name="GoogleTest" time="81.445"/>
  <system-out/>
</testsuite> <!-- TestNG.TestNgDemo -->
